<?xml version="1.0" encoding="UTF-8"?>
<!-- Generated by org.testng.reporters.JUnitXMLReporter -->
<testsuite ignored="3" hostname="LAPTOP-U25A8LEN" failures="0" tests="1" name="Default test" time="0.024" errors="0" timestamp="25 Mar 2021 12:03:24 GMT">
  <testcase classname="org.tst.ng.BasicDay1" name="tc1" time="0.008"/>
  <testcase classname="org.tst.ng.BasicDay1" name="tc3" time="0.0">
    <ignored/>
  </testcase> <!-- tc3 -->
  <testcase classname="org.tst.ng.BasicDay1" name="tc2" time="0.0">
    <ignored/>
  </testcase> <!-- tc2 -->
  <testcase classname="org.tst.ng.BasicDay1" name="tc5" time="0.0">
    <ignored/>
  </testcase> <!-- tc5 -->
</testsuite> <!-- Default test -->
