<?xml version="1.0" encoding="UTF-8"?>
<!-- Generated by org.testng.reporters.JUnitXMLReporter -->
<testsuite ignored="0" hostname="LAPTOP-U25A8LEN" failures="0" tests="13" name="Test" time="0.043" errors="0" timestamp="25 Mar 2021 12:05:07 GMT">
  <testcase classname="org.tst.ng.C" name="tc111" time="0.006"/>
  <testcase classname="org.tst.ng.C" name="tc222" time="0.001"/>
  <testcase classname="org.tst.ng.C" name="tc333" time="0.001"/>
  <testcase classname="org.tst.ng.B" name="tc11" time="0.001"/>
  <testcase classname="org.tst.ng.B" name="tc22" time="0.0"/>
  <testcase classname="org.tst.ng.B" name="tc33" time="0.001"/>
  <testcase classname="org.tst.ng.A" name="tc1" time="0.001"/>
  <testcase classname="org.tst.ng.A" name="tc2" time="0.001"/>
  <testcase classname="org.tst.ng.A" name="tc3" time="0.0"/>
  <testcase classname="org.tst.ng.BasicDay1" name="tc1" time="0.0"/>
  <testcase classname="org.tst.ng.BasicDay1" name="tc2" time="0.001"/>
  <testcase classname="org.tst.ng.BasicDay1" name="tc3" time="0.0"/>
  <testcase classname="org.tst.ng.BasicDay1" name="tc5" time="0.001"/>
</testsuite> <!-- Test -->
